<?xml version="1.0" encoding="UTF-8"?>
<!-- Generated by org.testng.reporters.JUnitReportReporter -->
<testsuite skipped="0" hostname="DESKTOP-C7HKO16" name="com.easybix.issue.CreateIssue" tests="1" failures="0" timestamp="19 Sep 2018 06:35:31 GMT" time="2.586" errors="0">
  <testcase name="createIssue" time="2.586" classname="com.easybix.issue.CreateIssue"/>
</testsuite> <!-- com.easybix.issue.CreateIssue -->
