<?xml version="1.0" encoding="UTF-8"?>
<!-- Generated by org.testng.reporters.JUnitReportReporter -->
<testsuite skipped="0" hostname="DESKTOP-C7HKO16" name="com.easybix.RestAssuredCore.LoginTest" tests="1" failures="0" timestamp="19 Sep 2018 02:09:16 GMT" time="1.925" errors="0">
  <testcase name="doLogin" time="1.925" classname="com.easybix.RestAssuredCore.LoginTest"/>
</testsuite> <!-- com.easybix.RestAssuredCore.LoginTest -->
